<?xml version="1.0" encoding="UTF-8"?>
<testng-results ignored="0" total="1" passed="1" failed="0" skipped="0">
  <reporter-output>
  </reporter-output>
  <suite started-at="2022-10-14T12:04:13 IST" name="Default suite" finished-at="2022-10-14T12:04:31 IST" duration-ms="17921">
    <groups>
    </groups>
    <test started-at="2022-10-14T12:04:13 IST" name="Default test" finished-at="2022-10-14T12:04:31 IST" duration-ms="17921">
      <class name="practice.DataProviderServiceTest">
        <test-method is-config="true" signature="BS()[pri:0, instance:practice.DataProviderServiceTest@729d991e]" started-at="2022-10-14T12:04:13 IST" name="BS" finished-at="2022-10-14T12:04:13 IST" duration-ms="7" status="PASS">
          <reporter-output>
          </reporter-output>
        </test-method> <!-- BS -->
        <test-method is-config="true" signature="BT()[pri:0, instance:practice.DataProviderServiceTest@729d991e]" started-at="2022-10-14T12:04:13 IST" name="BT" finished-at="2022-10-14T12:04:13 IST" duration-ms="1" status="PASS">
          <reporter-output>
          </reporter-output>
        </test-method> <!-- BT -->
        <test-method is-config="true" signature="BC()[pri:0, instance:practice.DataProviderServiceTest@729d991e]" started-at="2022-10-14T12:04:13 IST" name="BC" finished-at="2022-10-14T12:04:15 IST" duration-ms="2085" status="PASS">
          <reporter-output>
          </reporter-output>
        </test-method> <!-- BC -->
        <test-method is-config="true" signature="BM()[pri:0, instance:practice.DataProviderServiceTest@729d991e]" started-at="2022-10-14T12:04:15 IST" name="BM" finished-at="2022-10-14T12:04:20 IST" duration-ms="5450" status="PASS">
          <reporter-output>
          </reporter-output>
        </test-method> <!-- BM -->
        <test-method signature="serviceDetail(java.lang.String,java.lang.String,java.lang.String)[pri:0, instance:practice.DataProviderServiceTest@729d991e]" started-at="2022-10-14T12:04:20 IST" name="serviceDetail" data-provider="dataProvider_test" finished-at="2022-10-14T12:04:31 IST" duration-ms="10323" status="PASS">
          <params>
            <param index="0">
              <value>
                <![CDATA[Service1]]>
              </value>
            </param>
            <param index="1">
              <value>
                <![CDATA[1]]>
              </value>
            </param>
            <param index="2">
              <value>
                <![CDATA[web1]]>
              </value>
            </param>
          </params>
          <reporter-output>
          </reporter-output>
        </test-method> <!-- serviceDetail -->
        <test-method is-config="true" signature="AM()[pri:0, instance:practice.DataProviderServiceTest@729d991e]" started-at="2022-10-14T12:04:31 IST" name="AM" finished-at="2022-10-14T12:04:31 IST" duration-ms="4" status="PASS">
          <reporter-output>
          </reporter-output>
        </test-method> <!-- AM -->
        <test-method is-config="true" signature="AC()[pri:0, instance:practice.DataProviderServiceTest@729d991e]" started-at="2022-10-14T12:04:31 IST" name="AC" finished-at="2022-10-14T12:04:31 IST" duration-ms="0" status="PASS">
          <reporter-output>
          </reporter-output>
        </test-method> <!-- AC -->
        <test-method is-config="true" signature="AT()[pri:0, instance:practice.DataProviderServiceTest@729d991e]" started-at="2022-10-14T12:04:31 IST" name="AT" finished-at="2022-10-14T12:04:31 IST" duration-ms="1" status="PASS">
          <reporter-output>
          </reporter-output>
        </test-method> <!-- AT -->
        <test-method is-config="true" signature="AS()[pri:0, instance:practice.DataProviderServiceTest@729d991e]" started-at="2022-10-14T12:04:31 IST" name="AS" finished-at="2022-10-14T12:04:31 IST" duration-ms="0" status="PASS">
          <reporter-output>
          </reporter-output>
        </test-method> <!-- AS -->
      </class> <!-- practice.DataProviderServiceTest -->
    </test> <!-- Default test -->
  </suite> <!-- Default suite -->
</testng-results>
